<?xml version="1.0" encoding="UTF-8"?>
<testsuite name="com.example.demo.ContactControllerIntegrationTest" tests="2" skipped="0" failures="0" errors="0" timestamp="2021-10-06T10:54:29" hostname="ubuntu" time="1.312">
  <properties/>
  <testcase name="givenEmployees_whenGetEmployees_thenStatus200()" classname="com.example.demo.ContactControllerIntegrationTest" time="0.814"/>
  <testcase name="whenValidInput_thenCreateContact()" classname="com.example.demo.ContactControllerIntegrationTest" time="0.496"/>
  <system-out><![CDATA[17:54:18.365 [Test worker] DEBUG org.springframework.test.context.BootstrapUtils - Instantiating CacheAwareContextLoaderDelegate from class [org.springframework.test.context.cache.DefaultCacheAwareContextLoaderDelegate]
17:54:18.379 [Test worker] DEBUG org.springframework.test.context.BootstrapUtils - Instantiating BootstrapContext using constructor [public org.springframework.test.context.support.DefaultBootstrapContext(java.lang.Class,org.springframework.test.context.CacheAwareContextLoaderDelegate)]
17:54:18.428 [Test worker] DEBUG org.springframework.test.context.BootstrapUtils - Instantiating TestContextBootstrapper for test class [com.example.demo.ContactControllerIntegrationTest] from class [org.springframework.boot.test.context.SpringBootTestContextBootstrapper]
17:54:18.445 [Test worker] INFO org.springframework.boot.test.context.SpringBootTestContextBootstrapper - Neither @ContextConfiguration nor @ContextHierarchy found for test class [com.example.demo.ContactControllerIntegrationTest], using SpringBootContextLoader
17:54:18.449 [Test worker] DEBUG org.springframework.test.context.support.AbstractContextLoader - Did not detect default resource location for test class [com.example.demo.ContactControllerIntegrationTest]: class path resource [com/example/demo/ContactControllerIntegrationTest-context.xml] does not exist
17:54:18.450 [Test worker] DEBUG org.springframework.test.context.support.AbstractContextLoader - Did not detect default resource location for test class [com.example.demo.ContactControllerIntegrationTest]: class path resource [com/example/demo/ContactControllerIntegrationTestContext.groovy] does not exist
17:54:18.450 [Test worker] INFO org.springframework.test.context.support.AbstractContextLoader - Could not detect default resource locations for test class [com.example.demo.ContactControllerIntegrationTest]: no resource found for suffixes {-context.xml, Context.groovy}.
17:54:18.531 [Test worker] DEBUG org.springframework.test.context.support.ActiveProfilesUtils - Could not find an 'annotation declaring class' for annotation type [org.springframework.test.context.ActiveProfiles] and class [com.example.demo.ContactControllerIntegrationTest]
17:54:18.703 [Test worker] DEBUG org.springframework.boot.test.context.SpringBootTestContextBootstrapper - @TestExecutionListeners is not present for class [com.example.demo.ContactControllerIntegrationTest]: using defaults.
17:54:18.704 [Test worker] INFO org.springframework.boot.test.context.SpringBootTestContextBootstrapper - Loaded default TestExecutionListener class names from location [META-INF/spring.factories]: [org.springframework.boot.test.autoconfigure.restdocs.RestDocsTestExecutionListener, org.springframework.boot.test.autoconfigure.web.client.MockRestServiceServerResetTestExecutionListener, org.springframework.boot.test.autoconfigure.web.servlet.MockMvcPrintOnlyOnFailureTestExecutionListener, org.springframework.boot.test.autoconfigure.web.servlet.WebDriverTestExecutionListener, org.springframework.boot.test.autoconfigure.webservices.client.MockWebServiceServerTestExecutionListener, org.springframework.boot.test.mock.mockito.MockitoTestExecutionListener, org.springframework.boot.test.mock.mockito.ResetMocksTestExecutionListener, org.springframework.test.context.web.ServletTestExecutionListener, org.springframework.test.context.support.DirtiesContextBeforeModesTestExecutionListener, org.springframework.test.context.event.ApplicationEventsTestExecutionListener, org.springframework.test.context.support.DependencyInjectionTestExecutionListener, org.springframework.test.context.support.DirtiesContextTestExecutionListener, org.springframework.test.context.transaction.TransactionalTestExecutionListener, org.springframework.test.context.jdbc.SqlScriptsTestExecutionListener, org.springframework.test.context.event.EventPublishingTestExecutionListener]
17:54:18.729 [Test worker] INFO org.springframework.boot.test.context.SpringBootTestContextBootstrapper - Using TestExecutionListeners: [org.springframework.test.context.web.ServletTestExecutionListener@81c895, org.springframework.test.context.support.DirtiesContextBeforeModesTestExecutionListener@21110f9f, org.springframework.test.context.event.ApplicationEventsTestExecutionListener@509d17b8, org.springframework.boot.test.mock.mockito.MockitoTestExecutionListener@397ab933, org.springframework.boot.test.autoconfigure.SpringBootDependencyInjectionTestExecutionListener@37b10be9, org.springframework.test.context.support.DirtiesContextTestExecutionListener@1e758777, org.springframework.test.context.transaction.TransactionalTestExecutionListener@26ed73d6, org.springframework.test.context.jdbc.SqlScriptsTestExecutionListener@4a32f519, org.springframework.test.context.event.EventPublishingTestExecutionListener@75e341f5, org.springframework.boot.test.autoconfigure.restdocs.RestDocsTestExecutionListener@471f2e01, org.springframework.boot.test.autoconfigure.web.client.MockRestServiceServerResetTestExecutionListener@aa196f7, org.springframework.boot.test.autoconfigure.web.servlet.MockMvcPrintOnlyOnFailureTestExecutionListener@57662087, org.springframework.boot.test.autoconfigure.web.servlet.WebDriverTestExecutionListener@38653f77, org.springframework.boot.test.autoconfigure.webservices.client.MockWebServiceServerTestExecutionListener@6b4715c, org.springframework.boot.test.mock.mockito.ResetMocksTestExecutionListener@245953]
17:54:18.734 [Test worker] DEBUG org.springframework.test.context.support.AbstractDirtiesContextTestExecutionListener - Before test class: context [DefaultTestContext@2b756204 testClass = ContactControllerIntegrationTest, testInstance = [null], testMethod = [null], testException = [null], mergedContextConfiguration = [WebMergedContextConfiguration@6852d94e testClass = ContactControllerIntegrationTest, locations = '{}', classes = '{class com.example.demo.Application}', contextInitializerClasses = '[]', activeProfiles = '{}', propertySourceLocations = '{}', propertySourceProperties = '{org.springframework.boot.test.context.SpringBootTestContextBootstrapper=true, server.port=0}', contextCustomizers = set[org.springframework.boot.test.autoconfigure.actuate.metrics.MetricsExportContextCustomizerFactory$DisableMetricExportContextCustomizer@11bf2c2f, org.springframework.boot.test.autoconfigure.properties.PropertyMappingContextCustomizer@4b3fa0b3, org.springframework.boot.test.autoconfigure.web.servlet.WebDriverContextCustomizerFactory$Customizer@80c7d6c, [ImportsContextCustomizer@7545b5ea key = [org.springframework.boot.test.autoconfigure.web.servlet.MockMvcAutoConfiguration, org.springframework.boot.test.autoconfigure.web.servlet.MockMvcWebClientAutoConfiguration, org.springframework.boot.test.autoconfigure.web.servlet.MockMvcWebDriverAutoConfiguration, org.springframework.boot.autoconfigure.security.oauth2.client.servlet.OAuth2ClientAutoConfiguration, org.springframework.boot.autoconfigure.security.oauth2.resource.servlet.OAuth2ResourceServerAutoConfiguration, org.springframework.boot.autoconfigure.security.servlet.SecurityAutoConfiguration, org.springframework.boot.autoconfigure.security.servlet.SecurityFilterAutoConfiguration, org.springframework.boot.autoconfigure.security.servlet.UserDetailsServiceAutoConfiguration, org.springframework.boot.test.autoconfigure.web.servlet.MockMvcSecurityConfiguration]], org.springframework.boot.test.context.filter.ExcludeFilterContextCustomizer@49f0c5ad, org.springframework.boot.test.json.DuplicateJsonObjectContextCustomizerFactory$DuplicateJsonObjectContextCustomizer@66282f02, org.springframework.boot.test.mock.mockito.MockitoContextCustomizer@0, org.springframework.boot.test.web.client.TestRestTemplateContextCustomizer@526863ba, org.springframework.boot.test.context.SpringBootTestArgs@1, org.springframework.boot.test.context.SpringBootTestWebEnvironment@36a4fc4d], resourceBasePath = 'src/main/webapp', contextLoader = 'org.springframework.boot.test.context.SpringBootContextLoader', parent = [null]], attributes = map['org.springframework.test.context.web.ServletTestExecutionListener.activateListener' -> false]], class annotated with @DirtiesContext [false] with mode [null].
17:54:18.754 [Test worker] DEBUG org.springframework.test.context.support.DependencyInjectionTestExecutionListener - Performing dependency injection for test context [[DefaultTestContext@2b756204 testClass = ContactControllerIntegrationTest, testInstance = com.example.demo.ContactControllerIntegrationTest@5e4adea2, testMethod = [null], testException = [null], mergedContextConfiguration = [WebMergedContextConfiguration@6852d94e testClass = ContactControllerIntegrationTest, locations = '{}', classes = '{class com.example.demo.Application}', contextInitializerClasses = '[]', activeProfiles = '{}', propertySourceLocations = '{}', propertySourceProperties = '{org.springframework.boot.test.context.SpringBootTestContextBootstrapper=true, server.port=0}', contextCustomizers = set[org.springframework.boot.test.autoconfigure.actuate.metrics.MetricsExportContextCustomizerFactory$DisableMetricExportContextCustomizer@11bf2c2f, org.springframework.boot.test.autoconfigure.properties.PropertyMappingContextCustomizer@4b3fa0b3, org.springframework.boot.test.autoconfigure.web.servlet.WebDriverContextCustomizerFactory$Customizer@80c7d6c, [ImportsContextCustomizer@7545b5ea key = [org.springframework.boot.test.autoconfigure.web.servlet.MockMvcAutoConfiguration, org.springframework.boot.test.autoconfigure.web.servlet.MockMvcWebClientAutoConfiguration, org.springframework.boot.test.autoconfigure.web.servlet.MockMvcWebDriverAutoConfiguration, org.springframework.boot.autoconfigure.security.oauth2.client.servlet.OAuth2ClientAutoConfiguration, org.springframework.boot.autoconfigure.security.oauth2.resource.servlet.OAuth2ResourceServerAutoConfiguration, org.springframework.boot.autoconfigure.security.servlet.SecurityAutoConfiguration, org.springframework.boot.autoconfigure.security.servlet.SecurityFilterAutoConfiguration, org.springframework.boot.autoconfigure.security.servlet.UserDetailsServiceAutoConfiguration, org.springframework.boot.test.autoconfigure.web.servlet.MockMvcSecurityConfiguration]], org.springframework.boot.test.context.filter.ExcludeFilterContextCustomizer@49f0c5ad, org.springframework.boot.test.json.DuplicateJsonObjectContextCustomizerFactory$DuplicateJsonObjectContextCustomizer@66282f02, org.springframework.boot.test.mock.mockito.MockitoContextCustomizer@0, org.springframework.boot.test.web.client.TestRestTemplateContextCustomizer@526863ba, org.springframework.boot.test.context.SpringBootTestArgs@1, org.springframework.boot.test.context.SpringBootTestWebEnvironment@36a4fc4d], resourceBasePath = 'src/main/webapp', contextLoader = 'org.springframework.boot.test.context.SpringBootContextLoader', parent = [null]], attributes = map['org.springframework.test.context.web.ServletTestExecutionListener.activateListener' -> false, 'org.springframework.test.context.event.ApplicationEventsTestExecutionListener.recordApplicationEvents' -> false]]].
17:54:18.809 [Test worker] DEBUG org.springframework.test.context.support.TestPropertySourceUtils - Adding inlined properties to environment: {spring.jmx.enabled=false, org.springframework.boot.test.context.SpringBootTestContextBootstrapper=true, server.port=0}

  .   ____          _            __ _ _
 /\\ / ___'_ __ _ _(_)_ __  __ _ \ \ \ \
( ( )\___ | '_ | '_| | '_ \/ _` | \ \ \ \
 \\/  ___)| |_)| | | | | || (_| |  ) ) ) )
  '  |____| .__|_| |_|_| |_\__, | / / / /
 =========|_|==============|___/=/_/_/_/
?[32m :: Spring Boot :: ?[39m              ?[2m (v2.5.5)?[0;39m

?[2m2021-10-06 17:54:19.393?[0;39m ?[32m INFO?[0;39m ?[35m7198?[0;39m ?[2m---?[0;39m ?[2m[    Test worker]?[0;39m ?[36mc.e.d.ContactControllerIntegrationTest  ?[0;39m ?[2m:?[0;39m Starting ContactControllerIntegrationTest using Java 1.8.0_222 on ubuntu with PID 7198 (started by uytruong in /home/uytruong/workspace/projects/spring-boot-basic)
?[2m2021-10-06 17:54:19.395?[0;39m ?[32mDEBUG?[0;39m ?[35m7198?[0;39m ?[2m---?[0;39m ?[2m[    Test worker]?[0;39m ?[36mc.e.d.ContactControllerIntegrationTest  ?[0;39m ?[2m:?[0;39m Running with Spring Boot v2.5.5, Spring v5.3.10
?[2m2021-10-06 17:54:19.441?[0;39m ?[32m INFO?[0;39m ?[35m7198?[0;39m ?[2m---?[0;39m ?[2m[    Test worker]?[0;39m ?[36mc.e.d.ContactControllerIntegrationTest  ?[0;39m ?[2m:?[0;39m No active profile set, falling back to default profiles: default
Hibernate: create sequence hibernate_sequence start with 1 increment by 1
?[2m2021-10-06 17:54:27.667?[0;39m ?[33m WARN?[0;39m ?[35m7198?[0;39m ?[2m---?[0;39m ?[2m[    Test worker]?[0;39m ?[36mJpaBaseConfiguration$JpaWebConfiguration?[0;39m ?[2m:?[0;39m spring.jpa.open-in-view is enabled by default. Therefore, database queries may be performed during view rendering. Explicitly configure spring.jpa.open-in-view to disable this warning
?[2m2021-10-06 17:54:29.489?[0;39m ?[32m INFO?[0;39m ?[35m7198?[0;39m ?[2m---?[0;39m ?[2m[    Test worker]?[0;39m ?[36mc.e.d.ContactControllerIntegrationTest  ?[0;39m ?[2m:?[0;39m Started ContactControllerIntegrationTest in 10.677 seconds (JVM running for 12.432)
Hibernate: call next value for hibernate_sequence
Hibernate: insert into contacts (email, first_name, last_name, phone_number, postal_address, id) values (?, ?, ?, ?, ?, ?)
Hibernate: call next value for hibernate_sequence
Hibernate: insert into contacts (email, first_name, last_name, phone_number, postal_address, id) values (?, ?, ?, ?, ?, ?)
Hibernate: select contact0_.id as id1_0_, contact0_.email as email2_0_, contact0_.first_name as first_na3_0_, contact0_.last_name as last_nam4_0_, contact0_.phone_number as phone_nu5_0_, contact0_.postal_address as postal_a6_0_ from contacts contact0_

MockHttpServletRequest:
      HTTP Method = GET
      Request URI = /contact
       Parameters = {}
          Headers = [Content-Type:"application/json;charset=UTF-8"]
             Body = null
    Session Attrs = {}

Handler:
             Type = com.example.demo.controllers.ContactController
           Method = com.example.demo.controllers.ContactController#getAllContacts(String, String)

Async:
    Async started = false
     Async result = null

Resolved Exception:
             Type = null

ModelAndView:
        View name = null
             View = null
            Model = null

FlashMap:
       Attributes = null

MockHttpServletResponse:
           Status = 200
    Error message = null
          Headers = [Content-Type:"application/json"]
     Content type = application/json
             Body = [{"id":1,"firstName":"John","lastName":"Doe","email":"john@john","phoneNumber":"0909090909","postalAddress":700000},{"id":2,"firstName":"David","lastName":"Lang","email":"david@david","phoneNumber":"0908080808","postalAddress":700000}]
    Forwarded URL = null
   Redirected URL = null
          Cookies = []
Hibernate: select contact0_.id as id1_0_, contact0_.email as email2_0_, contact0_.first_name as first_na3_0_, contact0_.last_name as last_nam4_0_, contact0_.phone_number as phone_nu5_0_, contact0_.postal_address as postal_a6_0_ from contacts contact0_
Hibernate: delete from contacts where id=?
Hibernate: delete from contacts where id=?
Hibernate: call next value for hibernate_sequence
Hibernate: insert into contacts (email, first_name, last_name, phone_number, postal_address, id) values (?, ?, ?, ?, ?, ?)
Hibernate: select contact0_.id as id1_0_, contact0_.email as email2_0_, contact0_.first_name as first_na3_0_, contact0_.last_name as last_nam4_0_, contact0_.phone_number as phone_nu5_0_, contact0_.postal_address as postal_a6_0_ from contacts contact0_
Hibernate: select contact0_.id as id1_0_, contact0_.email as email2_0_, contact0_.first_name as first_na3_0_, contact0_.last_name as last_nam4_0_, contact0_.phone_number as phone_nu5_0_, contact0_.postal_address as postal_a6_0_ from contacts contact0_
Hibernate: delete from contacts where id=?
]]></system-out>
  <system-err><![CDATA[]]></system-err>
</testsuite>
